-------------------------------------------------------------------------------
Test set: com.andremartds.mimaney.MimaneyApplicationTests
-------------------------------------------------------------------------------
Tests run: 1, Failures: 0, Errors: 1, Skipped: 0, Time elapsed: 0.49 s <<< FAILURE! - in com.andremartds.mimaney.MimaneyApplicationTests
com.andremartds.mimaney.MimaneyApplicationTests  Time elapsed: 0.489 s  <<< ERROR!
java.lang.IllegalStateException: Unable to find a @SpringBootConfiguration, you need to use @ContextConfiguration or @SpringBootTest(classes=...) with your test

